{"/Users/rajakumar/Desktop/untitled folder 2/app.js": {"path":"/Users/rajakumar/Desktop/untitled folder 2/app.js","statementMap":{"0":{"start":{"line":1,"column":16},"end":{"line":1,"column":34}},"1":{"start":{"line":2,"column":23},"end":{"line":2,"column":58}},"2":{"start":{"line":3,"column":16},"end":{"line":3,"column":52}},"3":{"start":{"line":4,"column":12},"end":{"line":4,"column":21}},"4":{"start":{"line":6,"column":0},"end":{"line":6,"column":23}},"5":{"start":{"line":7,"column":0},"end":{"line":7,"column":18}},"6":{"start":{"line":8,"column":0},"end":{"line":8,"column":37}},"7":{"start":{"line":9,"column":0},"end":{"line":11,"column":2}},"8":{"start":{"line":10,"column":4},"end":{"line":10,"column":60}},"9":{"start":{"line":12,"column":0},"end":{"line":14,"column":2}},"10":{"start":{"line":13,"column":4},"end":{"line":13,"column":52}},"11":{"start":{"line":16,"column":0},"end":{"line":18,"column":2}},"12":{"start":{"line":17,"column":4},"end":{"line":17,"column":59}},"13":{"start":{"line":20,"column":0},"end":{"line":20,"column":21}}},"fnMap":{"0":{"name":"(anonymous_0)","decl":{"start":{"line":9,"column":8},"end":{"line":9,"column":9}},"loc":{"start":{"line":9,"column":30},"end":{"line":11,"column":1}},"line":9},"1":{"name":"(anonymous_1)","decl":{"start":{"line":12,"column":12},"end":{"line":12,"column":13}},"loc":{"start":{"line":12,"column":23},"end":{"line":14,"column":1}},"line":12},"2":{"name":"(anonymous_2)","decl":{"start":{"line":16,"column":16},"end":{"line":16,"column":17}},"loc":{"start":{"line":16,"column":20},"end":{"line":18,"column":1}},"line":16}},"branchMap":{},"s":{"0":1,"1":1,"2":1,"3":1,"4":1,"5":1,"6":1,"7":1,"8":0,"9":1,"10":0,"11":1,"12":1,"13":1},"f":{"0":0,"1":0,"2":1},"b":{},"_coverageSchema":"1a1c01bbd47fc00a2c39e90264f33305004495a9","hash":"08f58c0ea27520b2339ab65e57f5a6ff0b9de1da"}
,"/Users/rajakumar/Desktop/untitled folder 2/Model/employee.model.js": {"path":"/Users/rajakumar/Desktop/untitled folder 2/Model/employee.model.js","statementMap":{"0":{"start":{"line":1,"column":17},"end":{"line":1,"column":36}},"1":{"start":{"line":2,"column":23},"end":{"line":15,"column":2}},"2":{"start":{"line":16,"column":22},"end":{"line":16,"column":63}},"3":{"start":{"line":17,"column":0},"end":{"line":17,"column":31}}},"fnMap":{},"branchMap":{},"s":{"0":2,"1":2,"2":2,"3":2},"f":{},"b":{},"_coverageSchema":"1a1c01bbd47fc00a2c39e90264f33305004495a9","hash":"ef7a3007186082ce60968a249b6f1a83d46d5480"}
,"/Users/rajakumar/Desktop/untitled folder 2/controller/Employee.controller.js": {"path":"/Users/rajakumar/Desktop/untitled folder 2/controller/Employee.controller.js","statementMap":{"0":{"start":{"line":1,"column":22},"end":{"line":1,"column":56}},"1":{"start":{"line":3,"column":0},"end":{"line":10,"column":1}},"2":{"start":{"line":4,"column":4},"end":{"line":9,"column":5}},"3":{"start":{"line":5,"column":21},"end":{"line":5,"column":57}},"4":{"start":{"line":6,"column":8},"end":{"line":6,"column":34}},"5":{"start":{"line":8,"column":8},"end":{"line":8,"column":18}},"6":{"start":{"line":12,"column":0},"end":{"line":20,"column":1}},"7":{"start":{"line":13,"column":4},"end":{"line":19,"column":5}},"8":{"start":{"line":14,"column":21},"end":{"line":14,"column":47}},"9":{"start":{"line":15,"column":8},"end":{"line":15,"column":35}},"10":{"start":{"line":18,"column":8},"end":{"line":18,"column":18}},"11":{"start":{"line":22,"column":0},"end":{"line":30,"column":1}},"12":{"start":{"line":23,"column":4},"end":{"line":29,"column":5}},"13":{"start":{"line":24,"column":21},"end":{"line":24,"column":64}},"14":{"start":{"line":25,"column":8},"end":{"line":25,"column":35}},"15":{"start":{"line":28,"column":8},"end":{"line":28,"column":18}},"16":{"start":{"line":32,"column":0},"end":{"line":40,"column":1}},"17":{"start":{"line":33,"column":4},"end":{"line":39,"column":5}},"18":{"start":{"line":34,"column":21},"end":{"line":34,"column":116}},"19":{"start":{"line":35,"column":8},"end":{"line":35,"column":35}},"20":{"start":{"line":38,"column":8},"end":{"line":38,"column":18}},"21":{"start":{"line":42,"column":0},"end":{"line":50,"column":1}},"22":{"start":{"line":43,"column":4},"end":{"line":49,"column":5}},"23":{"start":{"line":44,"column":21},"end":{"line":44,"column":73}},"24":{"start":{"line":45,"column":8},"end":{"line":45,"column":35}},"25":{"start":{"line":48,"column":8},"end":{"line":48,"column":18}}},"fnMap":{"0":{"name":"(anonymous_0)","decl":{"start":{"line":3,"column":24},"end":{"line":3,"column":25}},"loc":{"start":{"line":3,"column":47},"end":{"line":10,"column":1}},"line":3},"1":{"name":"(anonymous_1)","decl":{"start":{"line":12,"column":22},"end":{"line":12,"column":23}},"loc":{"start":{"line":12,"column":44},"end":{"line":20,"column":1}},"line":12},"2":{"name":"(anonymous_2)","decl":{"start":{"line":22,"column":26},"end":{"line":22,"column":27}},"loc":{"start":{"line":22,"column":48},"end":{"line":30,"column":1}},"line":22},"3":{"name":"(anonymous_3)","decl":{"start":{"line":32,"column":25},"end":{"line":32,"column":26}},"loc":{"start":{"line":32,"column":47},"end":{"line":40,"column":1}},"line":32},"4":{"name":"(anonymous_4)","decl":{"start":{"line":42,"column":25},"end":{"line":42,"column":26}},"loc":{"start":{"line":42,"column":47},"end":{"line":50,"column":1}},"line":42}},"branchMap":{},"s":{"0":2,"1":2,"2":5,"3":5,"4":4,"5":1,"6":2,"7":4,"8":4,"9":3,"10":1,"11":2,"12":4,"13":4,"14":3,"15":1,"16":2,"17":5,"18":5,"19":4,"20":1,"21":2,"22":3,"23":3,"24":2,"25":1},"f":{"0":5,"1":4,"2":4,"3":5,"4":3},"b":{},"_coverageSchema":"1a1c01bbd47fc00a2c39e90264f33305004495a9","hash":"0eb5b9623de3dcbe968e3fd4a02c97b95b5bb4bf"}
,"/Users/rajakumar/Desktop/untitled folder 2/mongodb/mongodb.connect.js": {"path":"/Users/rajakumar/Desktop/untitled folder 2/mongodb/mongodb.connect.js","statementMap":{"0":{"start":{"line":1,"column":17},"end":{"line":1,"column":36}},"1":{"start":{"line":4,"column":4},"end":{"line":9,"column":5}},"2":{"start":{"line":5,"column":8},"end":{"line":5,"column":120}},"3":{"start":{"line":8,"column":8},"end":{"line":8,"column":25}},"4":{"start":{"line":12,"column":0},"end":{"line":12,"column":24}}},"fnMap":{"0":{"name":"connect","decl":{"start":{"line":3,"column":15},"end":{"line":3,"column":22}},"loc":{"start":{"line":3,"column":24},"end":{"line":10,"column":1}},"line":3}},"branchMap":{},"s":{"0":1,"1":1,"2":1,"3":0,"4":1},"f":{"0":1},"b":{},"_coverageSchema":"1a1c01bbd47fc00a2c39e90264f33305004495a9","hash":"d7253aad1fd61f1926f24c4458ea3e531e40cec0"}
,"/Users/rajakumar/Desktop/untitled folder 2/routes/Employees.route.js": {"path":"/Users/rajakumar/Desktop/untitled folder 2/routes/Employees.route.js","statementMap":{"0":{"start":{"line":1,"column":14},"end":{"line":1,"column":32}},"1":{"start":{"line":2,"column":13},"end":{"line":2,"column":29}},"2":{"start":{"line":3,"column":26},"end":{"line":3,"column":70}},"3":{"start":{"line":4,"column":0},"end":{"line":4,"column":59}},"4":{"start":{"line":5,"column":0},"end":{"line":5,"column":57}},"5":{"start":{"line":6,"column":0},"end":{"line":6,"column":64}},"6":{"start":{"line":7,"column":0},"end":{"line":7,"column":63}},"7":{"start":{"line":8,"column":0},"end":{"line":8,"column":66}},"8":{"start":{"line":9,"column":0},"end":{"line":9,"column":23}}},"fnMap":{},"branchMap":{},"s":{"0":1,"1":1,"2":1,"3":1,"4":1,"5":1,"6":1,"7":1,"8":1},"f":{},"b":{},"_coverageSchema":"1a1c01bbd47fc00a2c39e90264f33305004495a9","hash":"0587e7ef151653d395a658a73bd04156ab9f8cc3"}
}
