TN:
SF:app.js
FN:9,(anonymous_0)
FN:12,(anonymous_1)
FN:16,(anonymous_2)
FNF:3
FNH:1
FNDA:0,(anonymous_0)
FNDA:0,(anonymous_1)
FNDA:1,(anonymous_2)
DA:1,1
DA:2,1
DA:3,1
DA:4,1
DA:6,1
DA:7,1
DA:8,1
DA:9,1
DA:10,0
DA:12,1
DA:13,0
DA:16,1
DA:17,1
DA:20,1
LF:14
LH:12
BRF:0
BRH:0
end_of_record
TN:
SF:Model/employee.model.js
FNF:0
FNH:0
DA:1,2
DA:2,2
DA:16,2
DA:17,2
LF:4
LH:4
BRF:0
BRH:0
end_of_record
TN:
SF:controller/Employee.controller.js
FN:3,(anonymous_0)
FN:12,(anonymous_1)
FN:22,(anonymous_2)
FN:32,(anonymous_3)
FN:42,(anonymous_4)
FNF:5
FNH:5
FNDA:5,(anonymous_0)
FNDA:4,(anonymous_1)
FNDA:4,(anonymous_2)
FNDA:5,(anonymous_3)
FNDA:3,(anonymous_4)
DA:1,2
DA:3,2
DA:4,5
DA:5,5
DA:6,4
DA:8,1
DA:12,2
DA:13,4
DA:14,4
DA:15,3
DA:18,1
DA:22,2
DA:23,4
DA:24,4
DA:25,3
DA:28,1
DA:32,2
DA:33,5
DA:34,5
DA:35,4
DA:38,1
DA:42,2
DA:43,3
DA:44,3
DA:45,2
DA:48,1
LF:26
LH:26
BRF:0
BRH:0
end_of_record
TN:
SF:mongodb/mongodb.connect.js
FN:3,connect
FNF:1
FNH:1
FNDA:1,connect
DA:1,1
DA:4,1
DA:5,1
DA:8,0
DA:12,1
LF:5
LH:4
BRF:0
BRH:0
end_of_record
TN:
SF:routes/Employees.route.js
FNF:0
FNH:0
DA:1,1
DA:2,1
DA:3,1
DA:4,1
DA:5,1
DA:6,1
DA:7,1
DA:8,1
DA:9,1
LF:9
LH:9
BRF:0
BRH:0
end_of_record
